Started GET "/" for ::1 at 2020-07-15 15:31:38 -0400
Processing by Rails::WelcomeController#index as HTML
  Rendering /Users/maclarel/.rvm/gems/ruby-2.6.3/gems/railties-5.2.4.3/lib/rails/templates/rails/welcome/index.html.erb
  Rendered /Users/maclarel/.rvm/gems/ruby-2.6.3/gems/railties-5.2.4.3/lib/rails/templates/rails/welcome/index.html.erb (3.0ms)
Completed 200 OK in 13ms (Views: 8.6ms | ActiveRecord: 0.0ms)


Started GET "/" for ::1 at 2020-07-15 15:38:55 -0400
Processing by ChatroomController#index as HTML
  Rendering chatroom/index.html.erb within layouts/application
  Rendered chatroom/index.html.erb within layouts/application (0.7ms)
Completed 200 OK in 424ms (Views: 420.6ms | ActiveRecord: 0.0ms)


Started GET "/sessions" for ::1 at 2020-07-15 15:39:01 -0400
  
ActionController::RoutingError (No route matches [GET] "/sessions"):
  
actionpack (5.2.4.3) lib/action_dispatch/middleware/debug_exceptions.rb:65:in `call'
web-console (3.7.0) lib/web_console/middleware.rb:135:in `call_app'
web-console (3.7.0) lib/web_console/middleware.rb:30:in `block in call'
web-console (3.7.0) lib/web_console/middleware.rb:20:in `catch'
web-console (3.7.0) lib/web_console/middleware.rb:20:in `call'
actionpack (5.2.4.3) lib/action_dispatch/middleware/show_exceptions.rb:33:in `call'
railties (5.2.4.3) lib/rails/rack/logger.rb:38:in `call_app'
railties (5.2.4.3) lib/rails/rack/logger.rb:26:in `block in call'
activesupport (5.2.4.3) lib/active_support/tagged_logging.rb:71:in `block in tagged'
activesupport (5.2.4.3) lib/active_support/tagged_logging.rb:28:in `tagged'
activesupport (5.2.4.3) lib/active_support/tagged_logging.rb:71:in `tagged'
railties (5.2.4.3) lib/rails/rack/logger.rb:26:in `call'
sprockets-rails (3.2.1) lib/sprockets/rails/quiet_assets.rb:13:in `call'
actionpack (5.2.4.3) lib/action_dispatch/middleware/remote_ip.rb:81:in `call'
actionpack (5.2.4.3) lib/action_dispatch/middleware/request_id.rb:27:in `call'
rack (2.2.3) lib/rack/method_override.rb:24:in `call'
rack (2.2.3) lib/rack/runtime.rb:22:in `call'
activesupport (5.2.4.3) lib/active_support/cache/strategy/local_cache_middleware.rb:29:in `call'
actionpack (5.2.4.3) lib/action_dispatch/middleware/executor.rb:14:in `call'
actionpack (5.2.4.3) lib/action_dispatch/middleware/static.rb:127:in `call'
rack (2.2.3) lib/rack/sendfile.rb:110:in `call'
railties (5.2.4.3) lib/rails/engine.rb:524:in `call'
puma (3.12.6) lib/puma/configuration.rb:227:in `call'
puma (3.12.6) lib/puma/server.rb:706:in `handle_request'
puma (3.12.6) lib/puma/server.rb:476:in `process_client'
puma (3.12.6) lib/puma/server.rb:334:in `block in run'
puma (3.12.6) lib/puma/thread_pool.rb:135:in `block in spawn_thread'
Started GET "/session" for ::1 at 2020-07-15 15:39:04 -0400
  
ActionController::RoutingError (No route matches [GET] "/session"):
  
actionpack (5.2.4.3) lib/action_dispatch/middleware/debug_exceptions.rb:65:in `call'
web-console (3.7.0) lib/web_console/middleware.rb:135:in `call_app'
web-console (3.7.0) lib/web_console/middleware.rb:30:in `block in call'
web-console (3.7.0) lib/web_console/middleware.rb:20:in `catch'
web-console (3.7.0) lib/web_console/middleware.rb:20:in `call'
actionpack (5.2.4.3) lib/action_dispatch/middleware/show_exceptions.rb:33:in `call'
railties (5.2.4.3) lib/rails/rack/logger.rb:38:in `call_app'
railties (5.2.4.3) lib/rails/rack/logger.rb:26:in `block in call'
activesupport (5.2.4.3) lib/active_support/tagged_logging.rb:71:in `block in tagged'
activesupport (5.2.4.3) lib/active_support/tagged_logging.rb:28:in `tagged'
activesupport (5.2.4.3) lib/active_support/tagged_logging.rb:71:in `tagged'
railties (5.2.4.3) lib/rails/rack/logger.rb:26:in `call'
sprockets-rails (3.2.1) lib/sprockets/rails/quiet_assets.rb:13:in `call'
actionpack (5.2.4.3) lib/action_dispatch/middleware/remote_ip.rb:81:in `call'
actionpack (5.2.4.3) lib/action_dispatch/middleware/request_id.rb:27:in `call'
rack (2.2.3) lib/rack/method_override.rb:24:in `call'
rack (2.2.3) lib/rack/runtime.rb:22:in `call'
activesupport (5.2.4.3) lib/active_support/cache/strategy/local_cache_middleware.rb:29:in `call'
actionpack (5.2.4.3) lib/action_dispatch/middleware/executor.rb:14:in `call'
actionpack (5.2.4.3) lib/action_dispatch/middleware/static.rb:127:in `call'
rack (2.2.3) lib/rack/sendfile.rb:110:in `call'
railties (5.2.4.3) lib/rails/engine.rb:524:in `call'
puma (3.12.6) lib/puma/configuration.rb:227:in `call'
puma (3.12.6) lib/puma/server.rb:706:in `handle_request'
puma (3.12.6) lib/puma/server.rb:476:in `process_client'
puma (3.12.6) lib/puma/server.rb:334:in `block in run'
puma (3.12.6) lib/puma/thread_pool.rb:135:in `block in spawn_thread'
Started GET "/login" for ::1 at 2020-07-15 15:39:08 -0400
Processing by SessionsController#new as HTML
  Rendering sessions/new.html.erb within layouts/application
  Rendered sessions/new.html.erb within layouts/application (0.3ms)
Completed 200 OK in 16ms (Views: 14.8ms | ActiveRecord: 0.0ms)


Started GET "/login" for ::1 at 2020-07-15 15:43:15 -0400
Processing by SessionsController#new as HTML
  Rendering sessions/new.html.erb within layouts/application
  Rendered sessions/new.html.erb within layouts/application (0.5ms)
Started GET "/" for ::1 at 2020-07-15 15:43:18 -0400
Completed 200 OK in 11102ms (Views: 11098.2ms | ActiveRecord: 0.0ms)


Started GET "/login" for ::1 at 2020-07-15 15:43:26 -0400
Started GET "/" for ::1 at 2020-07-15 15:43:26 -0400
Processing by ChatroomController#index as HTML
Processing by SessionsController#new as HTML
Processing by ChatroomController#index as HTML
  Rendering chatroom/index.html.erb within layouts/application
  Rendered chatroom/index.html.erb within layouts/application (0.3ms)
  Rendering chatroom/index.html.erb within layouts/application
  Rendering sessions/new.html.erb within layouts/application
  Rendered chatroom/index.html.erb within layouts/application (0.0ms)
  Rendered sessions/new.html.erb within layouts/application (0.4ms)
Completed 200 OK in 146ms (Views: 145.3ms | ActiveRecord: 0.0ms)


Completed 200 OK in 136ms (Views: 133.4ms | ActiveRecord: 0.0ms)


Completed 200 OK in 137ms (Views: 134.8ms | ActiveRecord: 0.0ms)


Started GET "/" for ::1 at 2020-07-15 15:44:36 -0400
Processing by ChatroomController#index as HTML
  Rendering chatroom/index.html.erb within layouts/application
  Rendered chatroom/index.html.erb within layouts/application (0.2ms)
Completed 200 OK in 83ms (Views: 81.7ms | ActiveRecord: 0.0ms)


Started GET "/" for ::1 at 2020-07-15 15:46:03 -0400
Processing by ChatroomController#index as HTML
  Rendering chatroom/index.html.erb within layouts/application
  Rendered chatroom/index.html.erb within layouts/application (0.3ms)
Completed 200 OK in 63ms (Views: 61.7ms | ActiveRecord: 0.0ms)


Started GET "/" for ::1 at 2020-07-15 15:46:13 -0400
Processing by ChatroomController#index as HTML
  Rendering chatroom/index.html.erb within layouts/application
  Rendered chatroom/index.html.erb within layouts/application (0.2ms)
Completed 200 OK in 52ms (Views: 51.6ms | ActiveRecord: 0.0ms)


Started GET "/" for ::1 at 2020-07-15 15:46:25 -0400
Processing by ChatroomController#index as HTML
  Rendering chatroom/index.html.erb within layouts/application
  Rendered chatroom/index.html.erb within layouts/application (0.3ms)
Completed 200 OK in 52ms (Views: 50.7ms | ActiveRecord: 0.0ms)


Started GET "/" for ::1 at 2020-07-15 15:47:00 -0400
Processing by ChatroomController#index as HTML
  Rendering chatroom/index.html.erb within layouts/application
  Rendered chatroom/index.html.erb within layouts/application (0.3ms)
Completed 200 OK in 54ms (Views: 53.5ms | ActiveRecord: 0.0ms)


Started GET "/" for ::1 at 2020-07-15 15:47:03 -0400
Processing by ChatroomController#index as HTML
  Rendering chatroom/index.html.erb within layouts/application
  Rendered chatroom/index.html.erb within layouts/application (0.2ms)
Completed 200 OK in 3ms (Views: 2.1ms | ActiveRecord: 0.0ms)


Started GET "/" for ::1 at 2020-07-15 15:47:22 -0400
Processing by ChatroomController#index as HTML
  Rendering chatroom/index.html.erb within layouts/application
  Rendered chatroom/index.html.erb within layouts/application (0.2ms)
Completed 200 OK in 50ms (Views: 48.8ms | ActiveRecord: 0.0ms)


Started GET "/" for ::1 at 2020-07-15 15:48:01 -0400
Processing by ChatroomController#index as HTML
  Rendering chatroom/index.html.erb within layouts/application
  Rendered chatroom/index.html.erb within layouts/application (0.2ms)
Completed 200 OK in 46ms (Views: 44.7ms | ActiveRecord: 0.0ms)


Started GET "/" for ::1 at 2020-07-15 15:48:15 -0400
Processing by ChatroomController#index as HTML
  Rendering chatroom/index.html.erb within layouts/application
  Rendered chatroom/index.html.erb within layouts/application (0.3ms)
Completed 200 OK in 83ms (Views: 48.1ms | ActiveRecord: 0.0ms)


Started GET "/" for ::1 at 2020-07-15 15:48:51 -0400
Processing by ChatroomController#index as HTML
  Rendering chatroom/index.html.erb within layouts/application
  Rendered chatroom/index.html.erb within layouts/application (0.2ms)
Completed 200 OK in 51ms (Views: 50.0ms | ActiveRecord: 0.0ms)


Started GET "/" for ::1 at 2020-07-15 15:49:37 -0400
Processing by ChatroomController#index as HTML
  Rendering chatroom/index.html.erb within layouts/application
  Rendered chatroom/index.html.erb within layouts/application (0.2ms)
Completed 200 OK in 53ms (Views: 52.0ms | ActiveRecord: 0.0ms)


Started GET "/" for ::1 at 2020-07-15 15:50:13 -0400
Processing by ChatroomController#index as HTML
  Rendering chatroom/index.html.erb within layouts/application
  Rendered chatroom/index.html.erb within layouts/application (0.3ms)
Completed 200 OK in 50ms (Views: 49.2ms | ActiveRecord: 0.0ms)


Started GET "/" for ::1 at 2020-07-15 15:50:25 -0400
Processing by ChatroomController#index as HTML
  Rendering chatroom/index.html.erb within layouts/application
  Rendered chatroom/index.html.erb within layouts/application (0.2ms)
Completed 200 OK in 47ms (Views: 46.2ms | ActiveRecord: 0.0ms)


Started GET "/" for ::1 at 2020-07-15 15:50:51 -0400
Processing by ChatroomController#index as HTML
  Rendering chatroom/index.html.erb within layouts/application
  Rendered chatroom/index.html.erb within layouts/application (0.2ms)
Completed 500 Internal Server Error in 72ms (ActiveRecord: 0.0ms)


  
ActionView::Template::Error (Missing partial chatroom/_nav, application/_nav with {:locale=>[:en], :formats=>[:html], :variants=>[], :handlers=>[:raw, :erb, :html, :builder, :ruby, :coffee, :jbuilder]}. Searched in:
  * "/Users/maclarel/Documents/GitHub/MessageMe/app/views"
  * "/Users/maclarel/.rvm/gems/ruby-2.6.3/gems/semantic-ui-sass-2.4.2.0/app/views"
):
    10:   </head>
    11: 
    12:   <body>
    13:     <%= render 'nav' %>
    14:     <div class="ui container">
    15:       <%= yield %>
    16:     </div>
  
app/views/layouts/application.html.erb:13:in `_app_views_layouts_application_html_erb___4267700063794921096_70110559846020'
Started GET "/" for ::1 at 2020-07-15 15:51:03 -0400
Processing by ChatroomController#index as HTML
  Rendering chatroom/index.html.erb within layouts/application
  Rendered chatroom/index.html.erb within layouts/application (0.2ms)
Completed 500 Internal Server Error in 52ms (ActiveRecord: 0.0ms)


  
ActionView::Template::Error (Missing partial chatroom/_nav, application/_nav with {:locale=>[:en], :formats=>[:html], :variants=>[], :handlers=>[:raw, :erb, :html, :builder, :ruby, :coffee, :jbuilder]}. Searched in:
  * "/Users/maclarel/Documents/GitHub/MessageMe/app/views"
  * "/Users/maclarel/.rvm/gems/ruby-2.6.3/gems/semantic-ui-sass-2.4.2.0/app/views"
):
    10:   </head>
    11: 
    12:   <body>
    13:     <%= render 'nav' %>
    14:     <div class="ui container">
    15:       <%= yield %>
    16:     </div>
  
app/views/layouts/application.html.erb:13:in `_app_views_layouts_application_html_erb___4267700063794921096_70110699124640'
Started GET "/" for ::1 at 2020-07-15 15:51:04 -0400
Processing by ChatroomController#index as HTML
  Rendering chatroom/index.html.erb within layouts/application
  Rendered chatroom/index.html.erb within layouts/application (0.2ms)
Completed 500 Internal Server Error in 52ms (ActiveRecord: 0.0ms)


  
ActionView::Template::Error (Missing partial chatroom/_nav, application/_nav with {:locale=>[:en], :formats=>[:html], :variants=>[], :handlers=>[:raw, :erb, :html, :builder, :ruby, :coffee, :jbuilder]}. Searched in:
  * "/Users/maclarel/Documents/GitHub/MessageMe/app/views"
  * "/Users/maclarel/.rvm/gems/ruby-2.6.3/gems/semantic-ui-sass-2.4.2.0/app/views"
):
    10:   </head>
    11: 
    12:   <body>
    13:     <%= render 'nav' %>
    14:     <div class="ui container">
    15:       <%= yield %>
    16:     </div>
  
app/views/layouts/application.html.erb:13:in `_app_views_layouts_application_html_erb___4267700063794921096_70110701059800'
Started GET "/" for ::1 at 2020-07-15 15:51:13 -0400
Processing by ChatroomController#index as HTML
  Rendering chatroom/index.html.erb within layouts/application
  Rendered chatroom/index.html.erb within layouts/application (0.2ms)
Completed 500 Internal Server Error in 52ms (ActiveRecord: 0.0ms)


  
ActionView::Template::Error (Missing partial chatroom/_nav, application/_nav with {:locale=>[:en], :formats=>[:html], :variants=>[], :handlers=>[:raw, :erb, :html, :builder, :ruby, :coffee, :jbuilder]}. Searched in:
  * "/Users/maclarel/Documents/GitHub/MessageMe/app/views"
  * "/Users/maclarel/.rvm/gems/ruby-2.6.3/gems/semantic-ui-sass-2.4.2.0/app/views"
):
    10:   </head>
    11: 
    12:   <body>
    13:     <%= render 'nav' %>
    14: 
    15:       <%= yield %>
    16:     </div>
  
app/views/layouts/application.html.erb:13:in `_app_views_layouts_application_html_erb___4267700063794921096_70110677634760'
Started GET "/" for ::1 at 2020-07-15 15:51:19 -0400
Processing by ChatroomController#index as HTML
  Rendering chatroom/index.html.erb within layouts/application
  Rendered chatroom/index.html.erb within layouts/application (0.3ms)
Completed 500 Internal Server Error in 52ms (ActiveRecord: 0.0ms)


  
ActionView::Template::Error (Missing partial chatroom/_nav, application/_nav with {:locale=>[:en], :formats=>[:html], :variants=>[], :handlers=>[:raw, :erb, :html, :builder, :ruby, :coffee, :jbuilder]}. Searched in:
  * "/Users/maclarel/Documents/GitHub/MessageMe/app/views"
  * "/Users/maclarel/.rvm/gems/ruby-2.6.3/gems/semantic-ui-sass-2.4.2.0/app/views"
):
    10:   </head>
    11: 
    12:   <body>
    13:     <%= render 'nav' %>
    14: 
    15:       <%= yield %>
    16: 
  
app/views/layouts/application.html.erb:13:in `_app_views_layouts_application_html_erb___4267700063794921096_70110700211340'
Started GET "/" for ::1 at 2020-07-15 15:51:26 -0400
Processing by ChatroomController#index as HTML
  Rendering chatroom/index.html.erb within layouts/application
  Rendered chatroom/index.html.erb within layouts/application (0.2ms)
Completed 500 Internal Server Error in 89ms (ActiveRecord: 0.0ms)


  
ActionView::Template::Error (Missing partial chatroom/_nav, application/_nav with {:locale=>[:en], :formats=>[:html], :variants=>[], :handlers=>[:raw, :erb, :html, :builder, :ruby, :coffee, :jbuilder]}. Searched in:
  * "/Users/maclarel/Documents/GitHub/MessageMe/app/views"
  * "/Users/maclarel/.rvm/gems/ruby-2.6.3/gems/semantic-ui-sass-2.4.2.0/app/views"
):
    10:   </head>
    11: 
    12:   <body>
    13:     <%= render 'nav' %>
    14:     <div class="ui container">
    15:       <%= yield %>
    16:     </div>
  
app/views/layouts/application.html.erb:13:in `_app_views_layouts_application_html_erb___4267700063794921096_70110549409340'
Started GET "/" for ::1 at 2020-07-15 15:51:43 -0400
Processing by ChatroomController#index as HTML
  Rendering chatroom/index.html.erb within layouts/application
  Rendered chatroom/index.html.erb within layouts/application (0.2ms)
Completed 500 Internal Server Error in 55ms (ActiveRecord: 0.0ms)


  
ActionView::Template::Error (Missing partial chatroom/_nav, application/_nav with {:locale=>[:en], :formats=>[:html], :variants=>[], :handlers=>[:raw, :erb, :html, :builder, :ruby, :coffee, :jbuilder]}. Searched in:
  * "/Users/maclarel/Documents/GitHub/MessageMe/app/views"
  * "/Users/maclarel/.rvm/gems/ruby-2.6.3/gems/semantic-ui-sass-2.4.2.0/app/views"
):
    10:   </head>
    11: 
    12:   <body>
    13:     <%= render 'nav' %>
    14:     <div class="ui container">
    15:       <%= yield %>
    16:     </div>
  
app/views/layouts/application.html.erb:13:in `_app_views_layouts_application_html_erb___4267700063794921096_70110547435900'
Started GET "/" for ::1 at 2020-07-15 15:52:05 -0400
Processing by ChatroomController#index as HTML
  Rendering chatroom/index.html.erb within layouts/application
  Rendered chatroom/index.html.erb within layouts/application (0.5ms)
Completed 500 Internal Server Error in 324ms (ActiveRecord: 0.0ms)


  
ActionView::Template::Error (Missing partial chatroom/_nav, application/_nav with {:locale=>[:en], :formats=>[:html], :variants=>[], :handlers=>[:raw, :erb, :html, :builder, :ruby, :coffee, :jbuilder]}. Searched in:
  * "/Users/maclarel/Documents/GitHub/MessageMe/app/views"
  * "/Users/maclarel/.rvm/gems/ruby-2.6.3/gems/semantic-ui-sass-2.4.2.0/app/views"
):
    10:   </head>
    11: 
    12:   <body>
    13:     <%= render 'nav' %>
    14:     <div class="ui container">
    15:       <%= yield %>
    16:     </div>
  
app/views/layouts/application.html.erb:13:in `_app_views_layouts_application_html_erb___4323129405589493798_70151582356580'
Started GET "/" for ::1 at 2020-07-15 15:52:14 -0400
Processing by ChatroomController#index as HTML
  Rendering chatroom/index.html.erb within layouts/application
  Rendered chatroom/index.html.erb within layouts/application (0.3ms)
Completed 500 Internal Server Error in 54ms (ActiveRecord: 0.0ms)


  
ActionView::Template::Error (Missing partial chatroom/_nav, application/_nav with {:locale=>[:en], :formats=>[:html], :variants=>[], :handlers=>[:raw, :erb, :html, :builder, :ruby, :coffee, :jbuilder]}. Searched in:
  * "/Users/maclarel/Documents/GitHub/MessageMe/app/views"
  * "/Users/maclarel/.rvm/gems/ruby-2.6.3/gems/semantic-ui-sass-2.4.2.0/app/views"
):
    11: 
    12:   <body>
    13: 
    14:     <%= render 'nav' %>
    15:     
    16:     <div class="ui container">
    17:       <%= yield %>
  
app/views/layouts/application.html.erb:14:in `_app_views_layouts_application_html_erb___4323129405589493798_70151582980520'
Started GET "/" for ::1 at 2020-07-15 15:52:18 -0400
Processing by ChatroomController#index as HTML
  Rendering chatroom/index.html.erb within layouts/application
  Rendered chatroom/index.html.erb within layouts/application (0.3ms)
Completed 500 Internal Server Error in 75ms (ActiveRecord: 0.0ms)


  
ActionView::Template::Error (Missing partial chatroom/_nav, application/_nav with {:locale=>[:en], :formats=>[:html], :variants=>[], :handlers=>[:raw, :erb, :html, :builder, :ruby, :coffee, :jbuilder]}. Searched in:
  * "/Users/maclarel/Documents/GitHub/MessageMe/app/views"
  * "/Users/maclarel/.rvm/gems/ruby-2.6.3/gems/semantic-ui-sass-2.4.2.0/app/views"
):
    11: 
    12:   <body>
    13: 
    14:     <%= render 'nav' %>
    15: 
    16:     <div class="ui container">
    17: 
  
app/views/layouts/application.html.erb:14:in `_app_views_layouts_application_html_erb___4323129405589493798_70150427054180'
Started GET "/" for ::1 at 2020-07-15 15:52:35 -0400
Processing by ChatroomController#index as HTML
  Rendering chatroom/index.html.erb within layouts/application
  Rendered chatroom/index.html.erb within layouts/application (0.2ms)
Completed 500 Internal Server Error in 67ms (ActiveRecord: 0.0ms)


  
ActionView::Template::Error (Missing partial chatroom/_navigation, application/_navigation with {:locale=>[:en], :formats=>[:html], :variants=>[], :handlers=>[:raw, :erb, :html, :builder, :ruby, :coffee, :jbuilder]}. Searched in:
  * "/Users/maclarel/Documents/GitHub/MessageMe/app/views"
  * "/Users/maclarel/.rvm/gems/ruby-2.6.3/gems/semantic-ui-sass-2.4.2.0/app/views"
):
    11: 
    12:   <body>
    13: 
    14:     <%= render 'navigation' %>
    15: 
    16:     <div class="ui container">
    17: 
  
app/views/layouts/application.html.erb:14:in `_app_views_layouts_application_html_erb___4323129405589493798_70151358721220'
Started GET "/" for ::1 at 2020-07-15 15:52:50 -0400
Processing by ChatroomController#index as HTML
  Rendering chatroom/index.html.erb within layouts/application
  Rendered chatroom/index.html.erb within layouts/application (0.2ms)
Completed 200 OK in 52ms (Views: 51.0ms | ActiveRecord: 0.0ms)


Started GET "/" for ::1 at 2020-07-15 15:53:49 -0400
Processing by ChatroomController#index as HTML
  Rendering chatroom/index.html.erb within layouts/application
  Rendered chatroom/index.html.erb within layouts/application (0.3ms)
  Rendered layouts/_navigation.html.erb (0.3ms)
Completed 200 OK in 75ms (Views: 74.7ms | ActiveRecord: 0.0ms)


Started GET "/" for ::1 at 2020-07-15 15:53:52 -0400
Processing by ChatroomController#index as HTML
  Rendering chatroom/index.html.erb within layouts/application
  Rendered chatroom/index.html.erb within layouts/application (0.2ms)
  Rendered layouts/_navigation.html.erb (0.2ms)
Completed 200 OK in 51ms (Views: 50.6ms | ActiveRecord: 0.0ms)


Started GET "/login" for ::1 at 2020-07-15 15:53:54 -0400
Processing by SessionsController#new as HTML
  Rendering sessions/new.html.erb within layouts/application
  Rendered sessions/new.html.erb within layouts/application (0.3ms)
  Rendered layouts/_navigation.html.erb (0.2ms)
Completed 200 OK in 73ms (Views: 71.9ms | ActiveRecord: 0.0ms)


Started GET "/login" for ::1 at 2020-07-15 15:55:02 -0400
Processing by SessionsController#new as HTML
  Rendering sessions/new.html.erb within layouts/application
  Rendered sessions/new.html.erb within layouts/application (0.2ms)
  Rendered layouts/_navigation.html.erb (0.2ms)
Completed 200 OK in 249ms (Views: 247.9ms | ActiveRecord: 0.0ms)


Started GET "/login" for ::1 at 2020-07-15 15:55:08 -0400
Processing by SessionsController#new as HTML
  Rendering sessions/new.html.erb within layouts/application
  Rendered sessions/new.html.erb within layouts/application (0.2ms)
  Rendered layouts/_navigation.html.erb (0.2ms)
Completed 200 OK in 45ms (Views: 44.7ms | ActiveRecord: 0.0ms)


Started GET "/login" for ::1 at 2020-07-15 15:55:45 -0400
Processing by SessionsController#new as HTML
  Rendering sessions/new.html.erb within layouts/application
  Rendered sessions/new.html.erb within layouts/application (0.3ms)
  Rendered layouts/_navigation.html.erb (0.2ms)
Completed 200 OK in 200ms (Views: 199.3ms | ActiveRecord: 0.0ms)


Started GET "/login" for ::1 at 2020-07-15 15:55:52 -0400
Processing by SessionsController#new as HTML
  Rendering sessions/new.html.erb within layouts/application
  Rendered sessions/new.html.erb within layouts/application (0.2ms)
  Rendered layouts/_navigation.html.erb (0.2ms)
Completed 200 OK in 217ms (Views: 216.6ms | ActiveRecord: 0.0ms)


Started GET "/login" for ::1 at 2020-07-15 16:01:58 -0400
Processing by SessionsController#new as HTML
  Rendering sessions/new.html.erb within layouts/application
  Rendered sessions/new.html.erb within layouts/application (0.3ms)
  Rendered layouts/_navigation.html.erb (0.2ms)
Completed 200 OK in 50ms (Views: 48.6ms | ActiveRecord: 0.0ms)


Started GET "/login" for ::1 at 2020-07-15 16:09:56 -0400
Processing by SessionsController#new as HTML
  Rendering sessions/new.html.erb within layouts/application
  Rendered sessions/new.html.erb within layouts/application (0.2ms)
  Rendered layouts/_navigation.html.erb (0.2ms)
Completed 200 OK in 224ms (Views: 223.1ms | ActiveRecord: 0.0ms)


Started GET "/login" for ::1 at 2020-07-15 16:10:16 -0400
Processing by SessionsController#new as HTML
  Rendering sessions/new.html.erb within layouts/application
  Rendered sessions/new.html.erb within layouts/application (0.2ms)
  Rendered layouts/_navigation.html.erb (0.2ms)
Completed 200 OK in 245ms (Views: 244.3ms | ActiveRecord: 0.0ms)


